  [1m[36m (1.4ms)[0m  [1mCREATE TABLE "schema_migrations" ("version" varchar NOT NULL) [0m
  [1m[35m (0.1ms)[0m  select sqlite_version(*)
  [1m[36m (1.1ms)[0m  [1mCREATE UNIQUE INDEX "unique_schema_migrations" ON "schema_migrations" ("version")[0m
  [1m[35mActiveRecord::SchemaMigration Load (0.1ms)[0m  SELECT "schema_migrations".* FROM "schema_migrations"


Started GET "/" for ::1 at 2015-11-16 16:12:00 -0600
Processing by Rails::WelcomeController#index as HTML
  Rendered /Users/admin/.rvm/gems/ruby-2.1.2/gems/railties-4.2.3/lib/rails/templates/rails/welcome/index.html.erb (1.9ms)
Completed 200 OK in 48ms (Views: 36.7ms | ActiveRecord: 0.0ms)
DEPRECATION WARNING: Omitting the route path is deprecated. Specify the path with a String or a Symbol instead. (called from block in <top (required)> at /Users/miaoshan/flatiron/development/mod2/Rails/rails-hello-world-lab-london-web-career-040119/config/routes.rb:3)
Started GET "/hello_world" for ::1 at 2019-04-26 10:54:46 +0100
Processing by StaticController#hello_world as HTML
Completed 500 Internal Server Error in 18ms (ActiveRecord: 0.0ms)


  
ActionView::MissingTemplate (Missing template static/Hello World, application/Hello World with {:locale=>[:en], :formats=>[:html], :variants=>[], :handlers=>[:raw, :erb, :html, :builder, :ruby, :coffee, :jbuilder]}. Searched in:
  * "/Users/miaoshan/flatiron/development/mod2/Rails/rails-hello-world-lab-london-web-career-040119/app/views"
):
  
app/controllers/static_controller.rb:4:in `hello_world'
  Rendering /Users/miaoshan/.rvm/gems/ruby-2.6.1/gems/actionpack-5.0.7.1/lib/action_dispatch/middleware/templates/rescues/missing_template.html.erb within rescues/layout
  Rendering /Users/miaoshan/.rvm/gems/ruby-2.6.1/gems/actionpack-5.0.7.1/lib/action_dispatch/middleware/templates/rescues/_source.html.erb
  Rendered /Users/miaoshan/.rvm/gems/ruby-2.6.1/gems/actionpack-5.0.7.1/lib/action_dispatch/middleware/templates/rescues/_source.html.erb (7.2ms)
  Rendering /Users/miaoshan/.rvm/gems/ruby-2.6.1/gems/actionpack-5.0.7.1/lib/action_dispatch/middleware/templates/rescues/_trace.html.erb
  Rendered /Users/miaoshan/.rvm/gems/ruby-2.6.1/gems/actionpack-5.0.7.1/lib/action_dispatch/middleware/templates/rescues/_trace.html.erb (3.8ms)
  Rendering /Users/miaoshan/.rvm/gems/ruby-2.6.1/gems/actionpack-5.0.7.1/lib/action_dispatch/middleware/templates/rescues/_request_and_response.html.erb
  Rendered /Users/miaoshan/.rvm/gems/ruby-2.6.1/gems/actionpack-5.0.7.1/lib/action_dispatch/middleware/templates/rescues/_request_and_response.html.erb (1.3ms)
  Rendered /Users/miaoshan/.rvm/gems/ruby-2.6.1/gems/actionpack-5.0.7.1/lib/action_dispatch/middleware/templates/rescues/missing_template.html.erb within rescues/layout (56.6ms)
Started GET "/hello_world" for ::1 at 2019-04-26 10:56:26 +0100
Processing by StaticController#hello_world as HTML
  Rendering static/hello_world.html.erb within layouts/application
  Rendered static/hello_world.html.erb within layouts/application (0.6ms)
Completed 200 OK in 532ms (Views: 531.3ms | ActiveRecord: 0.0ms)


Started GET "/hello_world" for ::1 at 2019-04-26 10:56:54 +0100
Processing by StaticController#hello_world as HTML
  Rendering static/hello_world.html.erb within layouts/application
  Rendered static/hello_world.html.erb within layouts/application (0.9ms)
Completed 200 OK in 25ms (Views: 23.6ms | ActiveRecord: 0.0ms)


